Starting job 23231796 ("SAM-1") on c15-15 at Sun Sep 16 19:36:36 CEST 2018
                  :-) GROMACS - gmx grompp, VERSION 5.1.4 (-:

                            GROMACS is written by:
     Emile Apol      Rossen Apostolov  Herman J.C. Berendsen    Par Bjelkmar   
 Aldert van Buuren   Rudi van Drunen     Anton Feenstra   Sebastian Fritsch 
  Gerrit Groenhof   Christoph Junghans   Anca Hamuraru    Vincent Hindriksen
 Dimitrios Karkoulis    Peter Kasson        Jiri Kraus      Carsten Kutzner  
    Per Larsson      Justin A. Lemkul   Magnus Lundborg   Pieter Meulenhoff 
   Erik Marklund      Teemu Murtola       Szilard Pall       Sander Pronk   
   Roland Schulz     Alexey Shvetsov     Michael Shirts     Alfons Sijbers  
   Peter Tieleman    Teemu Virolainen  Christian Wennberg    Maarten Wolf   
                           and the project leaders:
        Mark Abraham, Berk Hess, Erik Lindahl, and David van der Spoel

Copyright (c) 1991-2000, University of Groningen, The Netherlands.
Copyright (c) 2001-2015, The GROMACS development team at
Uppsala University, Stockholm University and
the Royal Institute of Technology, Sweden.
check out http://www.gromacs.org for more information.

GROMACS is free software; you can redistribute it and/or modify it
under the terms of the GNU Lesser General Public License
as published by the Free Software Foundation; either version 2.1
of the License, or (at your option) any later version.

GROMACS:      gmx grompp, VERSION 5.1.4
Executable:   /cluster/software/VERSIONS/gromacs/5.1.4/bin/gmx
Data prefix:  /cluster/software/VERSIONS/gromacs/5.1.4
Command line:
  gmx grompp -c ../confs/conf150.gro -p topol.top -f ../mdp/energy_eql.mdp -o conf150_eql.tpr -n index.ndx


Back Off! I just backed up mdout.mdp to ./#mdout.mdp.3#

NOTE 1 [file ../mdp/energy_eql.mdp]:
  The Berendsen thermostat does not generate the correct kinetic energy
  distribution. You might want to consider using the V-rescale thermostat.

Setting the LD random seed to 1764990897
Generated 330891 of the 330891 non-bonded parameter combinations
Generating 1-4 interactions: fudge = 0.5
Generated 330891 of the 330891 1-4 parameter combinations
Excluding 3 bonded neighbours molecule type 'SOX'
Excluding 2 bonded neighbours molecule type 'SOL'
Excluding 1 bonded neighbours molecule type 'CL'
Excluding 3 bonded neighbours molecule type 'C12'
Setting gen_seed to 3137355010
Velocities were taken from a Maxwell distribution at 50 K
Removing all charge groups because cutoff-scheme=Verlet
Simulated annealing for group System: Single, 4 timepoints
Time (ps)   Temperature (K)
      0.0       50.0
      2.0      100.0
      5.0      200.0
     10.0-     298.1
Pull group 1 'SOX' has 93 atoms
Pull group 2 'Surface_Carbon' has 90 atoms
Number of degrees of freedom in T-Coupling group System is 26112.00
Pull group  natoms  pbc atom  distance at start  reference at t=0
       1        93        47
       2        90     10886       0.283 nm          0.283 nm
Estimate for the relative computational load of the PME mesh part: 0.23

There was 1 note

Back Off! I just backed up conf150_eql.tpr to ./#conf150_eql.tpr.1#

gcq#222: "My Ass May Be Dumb, But I Ain't No Dumbass." (Jackie Brown)

turning H bonds into constraints...
turning H bonds into constraints...
turning H bonds into constraints...
turning H bonds into constraints...
Determining Verlet buffer for a tolerance of 0.005 kJ/mol/ps at 298.15 K
Calculated rlist for 1x1 atom pair-list as 1.029 nm, buffer size 0.029 nm
Set rlist, assuming 4x4 atom pair-list, to 1.000 nm, buffer size 0.000 nm
Note that mdrun will redetermine rlist based on the actual pair-list setup
Calculating fourier grid dimensions for X Y Z
Using a fourier grid of 40x40x56, spacing 0.108 0.112 0.116
This run will generate roughly 4 Mb of data
                   :-) GROMACS - gmx mdrun, VERSION 5.1.4 (-:

                            GROMACS is written by:
     Emile Apol      Rossen Apostolov  Herman J.C. Berendsen    Par Bjelkmar   
 Aldert van Buuren   Rudi van Drunen     Anton Feenstra   Sebastian Fritsch 
  Gerrit Groenhof   Christoph Junghans   Anca Hamuraru    Vincent Hindriksen
 Dimitrios Karkoulis    Peter Kasson        Jiri Kraus      Carsten Kutzner  
    Per Larsson      Justin A. Lemkul   Magnus Lundborg   Pieter Meulenhoff 
   Erik Marklund      Teemu Murtola       Szilard Pall       Sander Pronk   
   Roland Schulz     Alexey Shvetsov     Michael Shirts     Alfons Sijbers  
   Peter Tieleman    Teemu Virolainen  Christian Wennberg    Maarten Wolf   
                           and the project leaders:
        Mark Abraham, Berk Hess, Erik Lindahl, and David van der Spoel

Copyright (c) 1991-2000, University of Groningen, The Netherlands.
Copyright (c) 2001-2015, The GROMACS development team at
Uppsala University, Stockholm University and
the Royal Institute of Technology, Sweden.
check out http://www.gromacs.org for more information.

GROMACS is free software; you can redistribute it and/or modify it
under the terms of the GNU Lesser General Public License
as published by the Free Software Foundation; either version 2.1
of the License, or (at your option) any later version.

GROMACS:      gmx mdrun, VERSION 5.1.4
Executable:   /cluster/software/VERSIONS/gromacs/5.1.4/bin/gmx
Data prefix:  /cluster/software/VERSIONS/gromacs/5.1.4
Command line:
  gmx mdrun -deffnm conf150_eql


Back Off! I just backed up conf150_eql.log to ./#conf150_eql.log.1#

Number of logical cores detected (32) does not match the number reported by OpenMP (2).
Consider setting the launch configuration manually!

NOTE: Error occurred during GPU detection:
      CUDA driver version is insufficient for CUDA runtime version
      Can not use GPU acceleration, will fall back to CPU kernels.


Running on 1 node with total 32 logical cores, 0 compatible GPUs
Hardware detected:
  CPU info:
    Vendor: GenuineIntel
    Brand:  Intel(R) Xeon(R) CPU E5-2670 0 @ 2.60GHz
    SIMD instructions most likely to fit this hardware: AVX_256
    SIMD instructions selected at GROMACS compile time: AVX_256

Reading file conf150_eql.tpr, VERSION 5.1.4 (single precision)
Changing nstlist from 10 to 25, rlist from 1 to 1.028

The number of OpenMP threads was set by environment variable OMP_NUM_THREADS to 1

Non-default thread affinity set, disabling internal thread affinity

Will use 24 particle-particle and 8 PME only ranks
This is a guess, check the performance at the end of the log file
Using 32 MPI threads
Using 1 OpenMP thread per tMPI thread


Back Off! I just backed up conf150_eql_pullx.xvg to ./#conf150_eql_pullx.xvg.1#

Back Off! I just backed up conf150_eql_pullf.xvg to ./#conf150_eql_pullf.xvg.1#

Back Off! I just backed up conf150_eql.xtc to ./#conf150_eql.xtc.1#

Back Off! I just backed up conf150_eql.edr to ./#conf150_eql.edr.1#
starting mdrun '24SOX + C12 box in water'
50000 steps,    100.0 ps.

Writing final coordinates.

Back Off! I just backed up conf150_eql.gro to ./#conf150_eql.gro.1#

 Average load imbalance: 37.0 %
 Part of the total run time spent waiting due to load imbalance: 1.3 %
 Average PME mesh/force load: 0.777
 Part of the total run time spent waiting due to PP/PME imbalance: 4.5 %


               Core t (s)   Wall t (s)        (%)
       Time:    52744.295     1648.259     3200.0
                 (ns/day)    (hour/ns)
Performance:        5.242        4.578

gcq#20: "Check Your Output" (P. Ahlstrom)

                  :-) GROMACS - gmx grompp, VERSION 5.1.4 (-:

                            GROMACS is written by:
     Emile Apol      Rossen Apostolov  Herman J.C. Berendsen    Par Bjelkmar   
 Aldert van Buuren   Rudi van Drunen     Anton Feenstra   Sebastian Fritsch 
  Gerrit Groenhof   Christoph Junghans   Anca Hamuraru    Vincent Hindriksen
 Dimitrios Karkoulis    Peter Kasson        Jiri Kraus      Carsten Kutzner  
    Per Larsson      Justin A. Lemkul   Magnus Lundborg   Pieter Meulenhoff 
   Erik Marklund      Teemu Murtola       Szilard Pall       Sander Pronk   
   Roland Schulz     Alexey Shvetsov     Michael Shirts     Alfons Sijbers  
   Peter Tieleman    Teemu Virolainen  Christian Wennberg    Maarten Wolf   
                           and the project leaders:
        Mark Abraham, Berk Hess, Erik Lindahl, and David van der Spoel

Copyright (c) 1991-2000, University of Groningen, The Netherlands.
Copyright (c) 2001-2015, The GROMACS development team at
Uppsala University, Stockholm University and
the Royal Institute of Technology, Sweden.
check out http://www.gromacs.org for more information.

GROMACS is free software; you can redistribute it and/or modify it
under the terms of the GNU Lesser General Public License
as published by the Free Software Foundation; either version 2.1
of the License, or (at your option) any later version.

GROMACS:      gmx grompp, VERSION 5.1.4
Executable:   /cluster/software/VERSIONS/gromacs/5.1.4/bin/gmx
Data prefix:  /cluster/software/VERSIONS/gromacs/5.1.4
Command line:
  gmx grompp -c conf150_eql.gro -p topol.top -f ../mdp/energy_prd.mdp -o conf150_prd.tpr -n index.ndx


Back Off! I just backed up mdout.mdp to ./#mdout.mdp.4#
Setting the LD random seed to 1048690819
Generated 330891 of the 330891 non-bonded parameter combinations
Generating 1-4 interactions: fudge = 0.5
Generated 330891 of the 330891 1-4 parameter combinations
Excluding 3 bonded neighbours molecule type 'SOX'
Excluding 2 bonded neighbours molecule type 'SOL'
Excluding 1 bonded neighbours molecule type 'CL'
Excluding 3 bonded neighbours molecule type 'C12'
Removing all charge groups because cutoff-scheme=Verlet
Pull group 1 'SOX' has 93 atoms
Pull group 2 'Surface_Carbon' has 90 atoms
Number of degrees of freedom in T-Coupling group System is 26112.00
Pull group  natoms  pbc atom  distance at start  reference at t=0
       1        93        47
       2        90     10886       0.283 nm          0.283 nm
Estimate for the relative computational load of the PME mesh part: 0.23

Back Off! I just backed up conf150_prd.tpr to ./#conf150_prd.tpr.1#

gcq#371: "England's dancing days are done" (P. J. Harvey)

turning H bonds into constraints...
turning H bonds into constraints...
turning H bonds into constraints...
turning H bonds into constraints...
Determining Verlet buffer for a tolerance of 0.005 kJ/mol/ps at 298.15 K
Calculated rlist for 1x1 atom pair-list as 1.029 nm, buffer size 0.029 nm
Set rlist, assuming 4x4 atom pair-list, to 1.000 nm, buffer size 0.000 nm
Note that mdrun will redetermine rlist based on the actual pair-list setup
Calculating fourier grid dimensions for X Y Z
Using a fourier grid of 40x40x56, spacing 0.108 0.112 0.116
This run will generate roughly 239 Mb of data
                   :-) GROMACS - gmx mdrun, VERSION 5.1.4 (-:

                            GROMACS is written by:
     Emile Apol      Rossen Apostolov  Herman J.C. Berendsen    Par Bjelkmar   
 Aldert van Buuren   Rudi van Drunen     Anton Feenstra   Sebastian Fritsch 
  Gerrit Groenhof   Christoph Junghans   Anca Hamuraru    Vincent Hindriksen
 Dimitrios Karkoulis    Peter Kasson        Jiri Kraus      Carsten Kutzner  
    Per Larsson      Justin A. Lemkul   Magnus Lundborg   Pieter Meulenhoff 
   Erik Marklund      Teemu Murtola       Szilard Pall       Sander Pronk   
   Roland Schulz     Alexey Shvetsov     Michael Shirts     Alfons Sijbers  
   Peter Tieleman    Teemu Virolainen  Christian Wennberg    Maarten Wolf   
                           and the project leaders:
        Mark Abraham, Berk Hess, Erik Lindahl, and David van der Spoel

Copyright (c) 1991-2000, University of Groningen, The Netherlands.
Copyright (c) 2001-2015, The GROMACS development team at
Uppsala University, Stockholm University and
the Royal Institute of Technology, Sweden.
check out http://www.gromacs.org for more information.

GROMACS is free software; you can redistribute it and/or modify it
under the terms of the GNU Lesser General Public License
as published by the Free Software Foundation; either version 2.1
of the License, or (at your option) any later version.

GROMACS:      gmx mdrun, VERSION 5.1.4
Executable:   /cluster/software/VERSIONS/gromacs/5.1.4/bin/gmx
Data prefix:  /cluster/software/VERSIONS/gromacs/5.1.4
Command line:
  gmx mdrun -deffnm conf150_prd -pf ../force/conf150f.xvg -px ../pos/conf150x.xvg


Back Off! I just backed up conf150_prd.log to ./#conf150_prd.log.1#

Number of logical cores detected (32) does not match the number reported by OpenMP (2).
Consider setting the launch configuration manually!

NOTE: Error occurred during GPU detection:
      CUDA driver version is insufficient for CUDA runtime version
      Can not use GPU acceleration, will fall back to CPU kernels.


Running on 1 node with total 32 logical cores, 0 compatible GPUs
Hardware detected:
  CPU info:
    Vendor: GenuineIntel
    Brand:  Intel(R) Xeon(R) CPU E5-2670 0 @ 2.60GHz
    SIMD instructions most likely to fit this hardware: AVX_256
    SIMD instructions selected at GROMACS compile time: AVX_256

Reading file conf150_prd.tpr, VERSION 5.1.4 (single precision)
Changing nstlist from 10 to 25, rlist from 1 to 1.028

The number of OpenMP threads was set by environment variable OMP_NUM_THREADS to 1

Non-default thread affinity set, disabling internal thread affinity

Will use 24 particle-particle and 8 PME only ranks
This is a guess, check the performance at the end of the log file
Using 32 MPI threads
Using 1 OpenMP thread per tMPI thread


Back Off! I just backed up ../force/conf150f.xvg to ../force/#conf150f.xvg.1#

Back Off! I just backed up conf150_prd.trr to ./#conf150_prd.trr.1#

Back Off! I just backed up conf150_prd.xtc to ./#conf150_prd.xtc.1#

Back Off! I just backed up conf150_prd.edr to ./#conf150_prd.edr.1#
starting mdrun '24SOX + C12 box in water'
500000 steps,   1000.0 ps.

Writing final coordinates.

 Average load imbalance: 33.0 %
 Part of the total run time spent waiting due to load imbalance: 1.2 %
 Average PME mesh/force load: 0.862
 Part of the total run time spent waiting due to PP/PME imbalance: 2.2 %


               Core t (s)   Wall t (s)        (%)
       Time:   521386.592    16293.331     3200.0
                         4h31:33
                 (ns/day)    (hour/ns)
Performance:        5.303        4.526

gcq#10: "Bum Stikkie Di Bum Stikkie Di Bum Stikkie Di Bum" (R. Slijngaard)


Currently Loaded Modulefiles:
  1) intel/2017.1    2) gsl/2.2         3) cuda/7.5        4) gromacs/5.1.4

Job script resource usage:
       JobID  MaxVMSize     MaxRSS 
------------ ---------- ---------- 
23231796.ba+   2798492K    105025K 

Job step resource usage:
       JobID    JobName  AllocCPUS  MaxVMSize     MaxRSS    Elapsed ExitCode 
------------ ---------- ---------- ---------- ---------- ---------- -------- 
23231796          SAM-1          1                         04:59:12      0:0 

Job 23231796 ("SAM-1") completed on c15-15 at Mon Sep 17 00:35:47 CEST 2018
