Starting job 23236330 ("CONF90") on c15-17 at Mon Sep 17 02:08:48 CEST 2018
                  :-) GROMACS - gmx grompp, VERSION 5.1.4 (-:

                            GROMACS is written by:
     Emile Apol      Rossen Apostolov  Herman J.C. Berendsen    Par Bjelkmar   
 Aldert van Buuren   Rudi van Drunen     Anton Feenstra   Sebastian Fritsch 
  Gerrit Groenhof   Christoph Junghans   Anca Hamuraru    Vincent Hindriksen
 Dimitrios Karkoulis    Peter Kasson        Jiri Kraus      Carsten Kutzner  
    Per Larsson      Justin A. Lemkul   Magnus Lundborg   Pieter Meulenhoff 
   Erik Marklund      Teemu Murtola       Szilard Pall       Sander Pronk   
   Roland Schulz     Alexey Shvetsov     Michael Shirts     Alfons Sijbers  
   Peter Tieleman    Teemu Virolainen  Christian Wennberg    Maarten Wolf   
                           and the project leaders:
        Mark Abraham, Berk Hess, Erik Lindahl, and David van der Spoel

Copyright (c) 1991-2000, University of Groningen, The Netherlands.
Copyright (c) 2001-2015, The GROMACS development team at
Uppsala University, Stockholm University and
the Royal Institute of Technology, Sweden.
check out http://www.gromacs.org for more information.

GROMACS is free software; you can redistribute it and/or modify it
under the terms of the GNU Lesser General Public License
as published by the Free Software Foundation; either version 2.1
of the License, or (at your option) any later version.

GROMACS:      gmx grompp, VERSION 5.1.4
Executable:   /cluster/software/VERSIONS/gromacs/5.1.4/bin/gmx
Data prefix:  /cluster/software/VERSIONS/gromacs/5.1.4
Command line:
  gmx grompp -c ../confs/conf90.gro -p topol.top -f ../mdp/energy_eql.mdp -o conf90_eql.tpr -n index.ndx


Back Off! I just backed up mdout.mdp to ./#mdout.mdp.11#

NOTE 1 [file ../mdp/energy_eql.mdp]:
  The Berendsen thermostat does not generate the correct kinetic energy
  distribution. You might want to consider using the V-rescale thermostat.

Setting the LD random seed to 2875120303
Generated 330891 of the 330891 non-bonded parameter combinations
Generating 1-4 interactions: fudge = 0.5
Generated 330891 of the 330891 1-4 parameter combinations
Excluding 3 bonded neighbours molecule type 'SOX'
Excluding 2 bonded neighbours molecule type 'SOL'
Excluding 1 bonded neighbours molecule type 'CL'
Excluding 3 bonded neighbours molecule type 'C12'
Setting gen_seed to 3080330942
Velocities were taken from a Maxwell distribution at 50 K
Removing all charge groups because cutoff-scheme=Verlet
Simulated annealing for group System: Single, 4 timepoints
Time (ps)   Temperature (K)
      0.0       50.0
      2.0      100.0
      5.0      200.0
     10.0-     298.1
Pull group 1 'SOX' has 93 atoms
Pull group 2 'Surface_Carbon' has 90 atoms
Number of degrees of freedom in T-Coupling group System is 26112.00
Pull group  natoms  pbc atom  distance at start  reference at t=0
       1        93        47
       2        90     10886       0.883 nm          0.883 nm
Estimate for the relative computational load of the PME mesh part: 0.23

There was 1 note

gcq#19: "You're Insignificant" (Tricky)

turning H bonds into constraints...
turning H bonds into constraints...
turning H bonds into constraints...
turning H bonds into constraints...
Determining Verlet buffer for a tolerance of 0.005 kJ/mol/ps at 298.15 K
Calculated rlist for 1x1 atom pair-list as 1.029 nm, buffer size 0.029 nm
Set rlist, assuming 4x4 atom pair-list, to 1.000 nm, buffer size 0.000 nm
Note that mdrun will redetermine rlist based on the actual pair-list setup
Calculating fourier grid dimensions for X Y Z
Using a fourier grid of 40x40x56, spacing 0.108 0.112 0.116
This run will generate roughly 4 Mb of data
                   :-) GROMACS - gmx mdrun, VERSION 5.1.4 (-:

                            GROMACS is written by:
     Emile Apol      Rossen Apostolov  Herman J.C. Berendsen    Par Bjelkmar   
 Aldert van Buuren   Rudi van Drunen     Anton Feenstra   Sebastian Fritsch 
  Gerrit Groenhof   Christoph Junghans   Anca Hamuraru    Vincent Hindriksen
 Dimitrios Karkoulis    Peter Kasson        Jiri Kraus      Carsten Kutzner  
    Per Larsson      Justin A. Lemkul   Magnus Lundborg   Pieter Meulenhoff 
   Erik Marklund      Teemu Murtola       Szilard Pall       Sander Pronk   
   Roland Schulz     Alexey Shvetsov     Michael Shirts     Alfons Sijbers  
   Peter Tieleman    Teemu Virolainen  Christian Wennberg    Maarten Wolf   
                           and the project leaders:
        Mark Abraham, Berk Hess, Erik Lindahl, and David van der Spoel

Copyright (c) 1991-2000, University of Groningen, The Netherlands.
Copyright (c) 2001-2015, The GROMACS development team at
Uppsala University, Stockholm University and
the Royal Institute of Technology, Sweden.
check out http://www.gromacs.org for more information.

GROMACS is free software; you can redistribute it and/or modify it
under the terms of the GNU Lesser General Public License
as published by the Free Software Foundation; either version 2.1
of the License, or (at your option) any later version.

GROMACS:      gmx mdrun, VERSION 5.1.4
Executable:   /cluster/software/VERSIONS/gromacs/5.1.4/bin/gmx
Data prefix:  /cluster/software/VERSIONS/gromacs/5.1.4
Command line:
  gmx mdrun -deffnm conf90_eql


Number of logical cores detected (32) does not match the number reported by OpenMP (2).
Consider setting the launch configuration manually!

NOTE: Error occurred during GPU detection:
      CUDA driver version is insufficient for CUDA runtime version
      Can not use GPU acceleration, will fall back to CPU kernels.


Running on 1 node with total 32 logical cores, 0 compatible GPUs
Hardware detected:
  CPU info:
    Vendor: GenuineIntel
    Brand:  Intel(R) Xeon(R) CPU E5-2670 0 @ 2.60GHz
    SIMD instructions most likely to fit this hardware: AVX_256
    SIMD instructions selected at GROMACS compile time: AVX_256

Reading file conf90_eql.tpr, VERSION 5.1.4 (single precision)
Changing nstlist from 10 to 25, rlist from 1 to 1.028

The number of OpenMP threads was set by environment variable OMP_NUM_THREADS to 1

Non-default thread affinity set, disabling internal thread affinity

Will use 24 particle-particle and 8 PME only ranks
This is a guess, check the performance at the end of the log file
Using 32 MPI threads
Using 1 OpenMP thread per tMPI thread

starting mdrun '24SOX + C12 box in water'
50000 steps,    100.0 ps.

Writing final coordinates.

 Average load imbalance: 35.5 %
 Part of the total run time spent waiting due to load imbalance: 1.3 %
 Average PME mesh/force load: 0.822
 Part of the total run time spent waiting due to PP/PME imbalance: 3.0 %


               Core t (s)   Wall t (s)        (%)
       Time:    52682.335     1646.323     3200.0
                 (ns/day)    (hour/ns)
Performance:        5.248        4.573

gcq#221: "Bad As This Shit Is, This Shit Ain't As Bad As You Think It Is." (Jackie Brown)

                  :-) GROMACS - gmx grompp, VERSION 5.1.4 (-:

                            GROMACS is written by:
     Emile Apol      Rossen Apostolov  Herman J.C. Berendsen    Par Bjelkmar   
 Aldert van Buuren   Rudi van Drunen     Anton Feenstra   Sebastian Fritsch 
  Gerrit Groenhof   Christoph Junghans   Anca Hamuraru    Vincent Hindriksen
 Dimitrios Karkoulis    Peter Kasson        Jiri Kraus      Carsten Kutzner  
    Per Larsson      Justin A. Lemkul   Magnus Lundborg   Pieter Meulenhoff 
   Erik Marklund      Teemu Murtola       Szilard Pall       Sander Pronk   
   Roland Schulz     Alexey Shvetsov     Michael Shirts     Alfons Sijbers  
   Peter Tieleman    Teemu Virolainen  Christian Wennberg    Maarten Wolf   
                           and the project leaders:
        Mark Abraham, Berk Hess, Erik Lindahl, and David van der Spoel

Copyright (c) 1991-2000, University of Groningen, The Netherlands.
Copyright (c) 2001-2015, The GROMACS development team at
Uppsala University, Stockholm University and
the Royal Institute of Technology, Sweden.
check out http://www.gromacs.org for more information.

GROMACS is free software; you can redistribute it and/or modify it
under the terms of the GNU Lesser General Public License
as published by the Free Software Foundation; either version 2.1
of the License, or (at your option) any later version.

GROMACS:      gmx grompp, VERSION 5.1.4
Executable:   /cluster/software/VERSIONS/gromacs/5.1.4/bin/gmx
Data prefix:  /cluster/software/VERSIONS/gromacs/5.1.4
Command line:
  gmx grompp -c conf90_eql.gro -p topol.top -f ../mdp/energy_prd.mdp -o conf90_prd.tpr -n index.ndx


Back Off! I just backed up mdout.mdp to ./#mdout.mdp.13#
Setting the LD random seed to 2386617631
Generated 330891 of the 330891 non-bonded parameter combinations
Generating 1-4 interactions: fudge = 0.5
Generated 330891 of the 330891 1-4 parameter combinations
Excluding 3 bonded neighbours molecule type 'SOX'
Excluding 2 bonded neighbours molecule type 'SOL'
Excluding 1 bonded neighbours molecule type 'CL'
Excluding 3 bonded neighbours molecule type 'C12'
Removing all charge groups because cutoff-scheme=Verlet
Pull group 1 'SOX' has 93 atoms
Pull group 2 'Surface_Carbon' has 90 atoms
Number of degrees of freedom in T-Coupling group System is 26112.00
Pull group  natoms  pbc atom  distance at start  reference at t=0
       1        93        47
       2        90     10886       0.883 nm          0.883 nm
Estimate for the relative computational load of the PME mesh part: 0.23

gcq#194: "I Do It All the Time" (Magnapop)

turning H bonds into constraints...
turning H bonds into constraints...
turning H bonds into constraints...
turning H bonds into constraints...
Determining Verlet buffer for a tolerance of 0.005 kJ/mol/ps at 298.15 K
Calculated rlist for 1x1 atom pair-list as 1.029 nm, buffer size 0.029 nm
Set rlist, assuming 4x4 atom pair-list, to 1.000 nm, buffer size 0.000 nm
Note that mdrun will redetermine rlist based on the actual pair-list setup
Calculating fourier grid dimensions for X Y Z
Using a fourier grid of 40x40x56, spacing 0.108 0.112 0.116
This run will generate roughly 239 Mb of data
                   :-) GROMACS - gmx mdrun, VERSION 5.1.4 (-:

                            GROMACS is written by:
     Emile Apol      Rossen Apostolov  Herman J.C. Berendsen    Par Bjelkmar   
 Aldert van Buuren   Rudi van Drunen     Anton Feenstra   Sebastian Fritsch 
  Gerrit Groenhof   Christoph Junghans   Anca Hamuraru    Vincent Hindriksen
 Dimitrios Karkoulis    Peter Kasson        Jiri Kraus      Carsten Kutzner  
    Per Larsson      Justin A. Lemkul   Magnus Lundborg   Pieter Meulenhoff 
   Erik Marklund      Teemu Murtola       Szilard Pall       Sander Pronk   
   Roland Schulz     Alexey Shvetsov     Michael Shirts     Alfons Sijbers  
   Peter Tieleman    Teemu Virolainen  Christian Wennberg    Maarten Wolf   
                           and the project leaders:
        Mark Abraham, Berk Hess, Erik Lindahl, and David van der Spoel

Copyright (c) 1991-2000, University of Groningen, The Netherlands.
Copyright (c) 2001-2015, The GROMACS development team at
Uppsala University, Stockholm University and
the Royal Institute of Technology, Sweden.
check out http://www.gromacs.org for more information.

GROMACS is free software; you can redistribute it and/or modify it
under the terms of the GNU Lesser General Public License
as published by the Free Software Foundation; either version 2.1
of the License, or (at your option) any later version.

GROMACS:      gmx mdrun, VERSION 5.1.4
Executable:   /cluster/software/VERSIONS/gromacs/5.1.4/bin/gmx
Data prefix:  /cluster/software/VERSIONS/gromacs/5.1.4
Command line:
  gmx mdrun -deffnm conf90_prd -pf ../force/conf90f.xvg -px ../pos/conf90x.xvg


Number of logical cores detected (32) does not match the number reported by OpenMP (2).
Consider setting the launch configuration manually!

NOTE: Error occurred during GPU detection:
      CUDA driver version is insufficient for CUDA runtime version
      Can not use GPU acceleration, will fall back to CPU kernels.


Running on 1 node with total 32 logical cores, 0 compatible GPUs
Hardware detected:
  CPU info:
    Vendor: GenuineIntel
    Brand:  Intel(R) Xeon(R) CPU E5-2670 0 @ 2.60GHz
    SIMD instructions most likely to fit this hardware: AVX_256
    SIMD instructions selected at GROMACS compile time: AVX_256

Reading file conf90_prd.tpr, VERSION 5.1.4 (single precision)
Changing nstlist from 10 to 25, rlist from 1 to 1.028

The number of OpenMP threads was set by environment variable OMP_NUM_THREADS to 1

Non-default thread affinity set, disabling internal thread affinity

Will use 24 particle-particle and 8 PME only ranks
This is a guess, check the performance at the end of the log file
Using 32 MPI threads
Using 1 OpenMP thread per tMPI thread

starting mdrun '24SOX + C12 box in water'
500000 steps,   1000.0 ps.

Writing final coordinates.

 Average load imbalance: 35.2 %
 Part of the total run time spent waiting due to load imbalance: 1.3 %
 Average PME mesh/force load: 0.938
 Part of the total run time spent waiting due to PP/PME imbalance: 1.0 %


               Core t (s)   Wall t (s)        (%)
       Time:   520037.258    16251.164     3200.0
                         4h30:51
                 (ns/day)    (hour/ns)
Performance:        5.317        4.514

gcq#71: "Just Because the Sun Wants a Place In the Sky" (F. Zappa)


Currently Loaded Modulefiles:
  1) intel/2017.1    2) gsl/2.2         3) cuda/7.5        4) gromacs/5.1.4

Job script resource usage:
       JobID  MaxVMSize     MaxRSS 
------------ ---------- ---------- 
23236330.ba+   2798040K     92379K 

Job step resource usage:
       JobID    JobName  AllocCPUS  MaxVMSize     MaxRSS    Elapsed ExitCode 
------------ ---------- ---------- ---------- ---------- ---------- -------- 
23236330         CONF90          1                         04:58:31      0:0 

Job 23236330 ("CONF90") completed on c15-17 at Mon Sep 17 07:07:18 CEST 2018
