Starting job 23235876 ("SAM-1") on c14-33 at Mon Sep 17 00:43:37 CEST 2018
                  :-) GROMACS - gmx grompp, VERSION 5.1.4 (-:

                            GROMACS is written by:
     Emile Apol      Rossen Apostolov  Herman J.C. Berendsen    Par Bjelkmar   
 Aldert van Buuren   Rudi van Drunen     Anton Feenstra   Sebastian Fritsch 
  Gerrit Groenhof   Christoph Junghans   Anca Hamuraru    Vincent Hindriksen
 Dimitrios Karkoulis    Peter Kasson        Jiri Kraus      Carsten Kutzner  
    Per Larsson      Justin A. Lemkul   Magnus Lundborg   Pieter Meulenhoff 
   Erik Marklund      Teemu Murtola       Szilard Pall       Sander Pronk   
   Roland Schulz     Alexey Shvetsov     Michael Shirts     Alfons Sijbers  
   Peter Tieleman    Teemu Virolainen  Christian Wennberg    Maarten Wolf   
                           and the project leaders:
        Mark Abraham, Berk Hess, Erik Lindahl, and David van der Spoel

Copyright (c) 1991-2000, University of Groningen, The Netherlands.
Copyright (c) 2001-2015, The GROMACS development team at
Uppsala University, Stockholm University and
the Royal Institute of Technology, Sweden.
check out http://www.gromacs.org for more information.

GROMACS is free software; you can redistribute it and/or modify it
under the terms of the GNU Lesser General Public License
as published by the Free Software Foundation; either version 2.1
of the License, or (at your option) any later version.

GROMACS:      gmx grompp, VERSION 5.1.4
Executable:   /cluster/software/VERSIONS/gromacs/5.1.4/bin/gmx
Data prefix:  /cluster/software/VERSIONS/gromacs/5.1.4
Command line:
  gmx grompp -c ../confs/conf135.gro -p topol.top -f ../mdp/energy_eql.mdp -o conf135_eql.tpr -n index.ndx


Back Off! I just backed up mdout.mdp to ./#mdout.mdp.5#

NOTE 1 [file ../mdp/energy_eql.mdp]:
  The Berendsen thermostat does not generate the correct kinetic energy
  distribution. You might want to consider using the V-rescale thermostat.

Setting the LD random seed to 2262277671
Generated 330891 of the 330891 non-bonded parameter combinations
Generating 1-4 interactions: fudge = 0.5
Generated 330891 of the 330891 1-4 parameter combinations
Excluding 3 bonded neighbours molecule type 'SOX'
Excluding 2 bonded neighbours molecule type 'SOL'
Excluding 1 bonded neighbours molecule type 'CL'
Excluding 3 bonded neighbours molecule type 'C12'
Setting gen_seed to 1821961282
Velocities were taken from a Maxwell distribution at 50 K
Removing all charge groups because cutoff-scheme=Verlet
Simulated annealing for group System: Single, 4 timepoints
Time (ps)   Temperature (K)
      0.0       50.0
      2.0      100.0
      5.0      200.0
     10.0-     298.1
Pull group 1 'SOX' has 93 atoms
Pull group 2 'Surface_Carbon' has 90 atoms
Number of degrees of freedom in T-Coupling group System is 26112.00
Pull group  natoms  pbc atom  distance at start  reference at t=0
       1        93        47
       2        90     10886       0.433 nm          0.433 nm
Estimate for the relative computational load of the PME mesh part: 0.23

There was 1 note

gcq#69: "Here's the Way It Might End" (G. Michael)

turning H bonds into constraints...
turning H bonds into constraints...
turning H bonds into constraints...
turning H bonds into constraints...
Determining Verlet buffer for a tolerance of 0.005 kJ/mol/ps at 298.15 K
Calculated rlist for 1x1 atom pair-list as 1.029 nm, buffer size 0.029 nm
Set rlist, assuming 4x4 atom pair-list, to 1.000 nm, buffer size 0.000 nm
Note that mdrun will redetermine rlist based on the actual pair-list setup
Calculating fourier grid dimensions for X Y Z
Using a fourier grid of 40x40x56, spacing 0.108 0.112 0.116
This run will generate roughly 4 Mb of data
                   :-) GROMACS - gmx mdrun, VERSION 5.1.4 (-:

                            GROMACS is written by:
     Emile Apol      Rossen Apostolov  Herman J.C. Berendsen    Par Bjelkmar   
 Aldert van Buuren   Rudi van Drunen     Anton Feenstra   Sebastian Fritsch 
  Gerrit Groenhof   Christoph Junghans   Anca Hamuraru    Vincent Hindriksen
 Dimitrios Karkoulis    Peter Kasson        Jiri Kraus      Carsten Kutzner  
    Per Larsson      Justin A. Lemkul   Magnus Lundborg   Pieter Meulenhoff 
   Erik Marklund      Teemu Murtola       Szilard Pall       Sander Pronk   
   Roland Schulz     Alexey Shvetsov     Michael Shirts     Alfons Sijbers  
   Peter Tieleman    Teemu Virolainen  Christian Wennberg    Maarten Wolf   
                           and the project leaders:
        Mark Abraham, Berk Hess, Erik Lindahl, and David van der Spoel

Copyright (c) 1991-2000, University of Groningen, The Netherlands.
Copyright (c) 2001-2015, The GROMACS development team at
Uppsala University, Stockholm University and
the Royal Institute of Technology, Sweden.
check out http://www.gromacs.org for more information.

GROMACS is free software; you can redistribute it and/or modify it
under the terms of the GNU Lesser General Public License
as published by the Free Software Foundation; either version 2.1
of the License, or (at your option) any later version.

GROMACS:      gmx mdrun, VERSION 5.1.4
Executable:   /cluster/software/VERSIONS/gromacs/5.1.4/bin/gmx
Data prefix:  /cluster/software/VERSIONS/gromacs/5.1.4
Command line:
  gmx mdrun -deffnm conf135_eql


Number of logical cores detected (32) does not match the number reported by OpenMP (2).
Consider setting the launch configuration manually!

NOTE: Error occurred during GPU detection:
      CUDA driver version is insufficient for CUDA runtime version
      Can not use GPU acceleration, will fall back to CPU kernels.


Running on 1 node with total 32 logical cores, 0 compatible GPUs
Hardware detected:
  CPU info:
    Vendor: GenuineIntel
    Brand:  Intel(R) Xeon(R) CPU E5-2670 0 @ 2.60GHz
    SIMD instructions most likely to fit this hardware: AVX_256
    SIMD instructions selected at GROMACS compile time: AVX_256

Reading file conf135_eql.tpr, VERSION 5.1.4 (single precision)
Changing nstlist from 10 to 25, rlist from 1 to 1.028

The number of OpenMP threads was set by environment variable OMP_NUM_THREADS to 1

Non-default thread affinity set, disabling internal thread affinity

Will use 24 particle-particle and 8 PME only ranks
This is a guess, check the performance at the end of the log file
Using 32 MPI threads
Using 1 OpenMP thread per tMPI thread

starting mdrun '24SOX + C12 box in water'
50000 steps,    100.0 ps.

Writing final coordinates.

 Average load imbalance: 36.4 %
 Part of the total run time spent waiting due to load imbalance: 1.3 %
 Average PME mesh/force load: 0.792
 Part of the total run time spent waiting due to PP/PME imbalance: 3.7 %


               Core t (s)   Wall t (s)        (%)
       Time:    53332.151     1666.630     3200.0
                 (ns/day)    (hour/ns)
Performance:        5.184        4.629

gcq#418: "A curious aspect of the theory of evolution is that everybody thinks he understands it." (Jacques Monod)

                  :-) GROMACS - gmx grompp, VERSION 5.1.4 (-:

                            GROMACS is written by:
     Emile Apol      Rossen Apostolov  Herman J.C. Berendsen    Par Bjelkmar   
 Aldert van Buuren   Rudi van Drunen     Anton Feenstra   Sebastian Fritsch 
  Gerrit Groenhof   Christoph Junghans   Anca Hamuraru    Vincent Hindriksen
 Dimitrios Karkoulis    Peter Kasson        Jiri Kraus      Carsten Kutzner  
    Per Larsson      Justin A. Lemkul   Magnus Lundborg   Pieter Meulenhoff 
   Erik Marklund      Teemu Murtola       Szilard Pall       Sander Pronk   
   Roland Schulz     Alexey Shvetsov     Michael Shirts     Alfons Sijbers  
   Peter Tieleman    Teemu Virolainen  Christian Wennberg    Maarten Wolf   
                           and the project leaders:
        Mark Abraham, Berk Hess, Erik Lindahl, and David van der Spoel

Copyright (c) 1991-2000, University of Groningen, The Netherlands.
Copyright (c) 2001-2015, The GROMACS development team at
Uppsala University, Stockholm University and
the Royal Institute of Technology, Sweden.
check out http://www.gromacs.org for more information.

GROMACS is free software; you can redistribute it and/or modify it
under the terms of the GNU Lesser General Public License
as published by the Free Software Foundation; either version 2.1
of the License, or (at your option) any later version.

GROMACS:      gmx grompp, VERSION 5.1.4
Executable:   /cluster/software/VERSIONS/gromacs/5.1.4/bin/gmx
Data prefix:  /cluster/software/VERSIONS/gromacs/5.1.4
Command line:
  gmx grompp -c conf135_eql.gro -p topol.top -f ../mdp/energy_prd.mdp -o conf135_prd.tpr -n index.ndx


Back Off! I just backed up mdout.mdp to ./#mdout.mdp.8#
Setting the LD random seed to 1442157913
Generated 330891 of the 330891 non-bonded parameter combinations
Generating 1-4 interactions: fudge = 0.5
Generated 330891 of the 330891 1-4 parameter combinations
Excluding 3 bonded neighbours molecule type 'SOX'
Excluding 2 bonded neighbours molecule type 'SOL'
Excluding 1 bonded neighbours molecule type 'CL'
Excluding 3 bonded neighbours molecule type 'C12'
Removing all charge groups because cutoff-scheme=Verlet
Pull group 1 'SOX' has 93 atoms
Pull group 2 'Surface_Carbon' has 90 atoms
Number of degrees of freedom in T-Coupling group System is 26112.00
Pull group  natoms  pbc atom  distance at start  reference at t=0
       1        93        47
       2        90     10886       0.433 nm          0.433 nm
Estimate for the relative computational load of the PME mesh part: 0.23

gcq#528: "I believe the big bang of self-driving cars is about to come." (Jen-Hsun Huang, CEO NVIDIA)

turning H bonds into constraints...
turning H bonds into constraints...
turning H bonds into constraints...
turning H bonds into constraints...
Determining Verlet buffer for a tolerance of 0.005 kJ/mol/ps at 298.15 K
Calculated rlist for 1x1 atom pair-list as 1.029 nm, buffer size 0.029 nm
Set rlist, assuming 4x4 atom pair-list, to 1.000 nm, buffer size 0.000 nm
Note that mdrun will redetermine rlist based on the actual pair-list setup
Calculating fourier grid dimensions for X Y Z
Using a fourier grid of 40x40x56, spacing 0.108 0.112 0.116
This run will generate roughly 239 Mb of data
                   :-) GROMACS - gmx mdrun, VERSION 5.1.4 (-:

                            GROMACS is written by:
     Emile Apol      Rossen Apostolov  Herman J.C. Berendsen    Par Bjelkmar   
 Aldert van Buuren   Rudi van Drunen     Anton Feenstra   Sebastian Fritsch 
  Gerrit Groenhof   Christoph Junghans   Anca Hamuraru    Vincent Hindriksen
 Dimitrios Karkoulis    Peter Kasson        Jiri Kraus      Carsten Kutzner  
    Per Larsson      Justin A. Lemkul   Magnus Lundborg   Pieter Meulenhoff 
   Erik Marklund      Teemu Murtola       Szilard Pall       Sander Pronk   
   Roland Schulz     Alexey Shvetsov     Michael Shirts     Alfons Sijbers  
   Peter Tieleman    Teemu Virolainen  Christian Wennberg    Maarten Wolf   
                           and the project leaders:
        Mark Abraham, Berk Hess, Erik Lindahl, and David van der Spoel

Copyright (c) 1991-2000, University of Groningen, The Netherlands.
Copyright (c) 2001-2015, The GROMACS development team at
Uppsala University, Stockholm University and
the Royal Institute of Technology, Sweden.
check out http://www.gromacs.org for more information.

GROMACS is free software; you can redistribute it and/or modify it
under the terms of the GNU Lesser General Public License
as published by the Free Software Foundation; either version 2.1
of the License, or (at your option) any later version.

GROMACS:      gmx mdrun, VERSION 5.1.4
Executable:   /cluster/software/VERSIONS/gromacs/5.1.4/bin/gmx
Data prefix:  /cluster/software/VERSIONS/gromacs/5.1.4
Command line:
  gmx mdrun -deffnm conf135_prd -pf ../force/conf135f.xvg -px ../pos/conf135x.xvg


Number of logical cores detected (32) does not match the number reported by OpenMP (2).
Consider setting the launch configuration manually!

NOTE: Error occurred during GPU detection:
      CUDA driver version is insufficient for CUDA runtime version
      Can not use GPU acceleration, will fall back to CPU kernels.


Running on 1 node with total 32 logical cores, 0 compatible GPUs
Hardware detected:
  CPU info:
    Vendor: GenuineIntel
    Brand:  Intel(R) Xeon(R) CPU E5-2670 0 @ 2.60GHz
    SIMD instructions most likely to fit this hardware: AVX_256
    SIMD instructions selected at GROMACS compile time: AVX_256

Reading file conf135_prd.tpr, VERSION 5.1.4 (single precision)
Changing nstlist from 10 to 25, rlist from 1 to 1.028

The number of OpenMP threads was set by environment variable OMP_NUM_THREADS to 1

Non-default thread affinity set, disabling internal thread affinity

Will use 24 particle-particle and 8 PME only ranks
This is a guess, check the performance at the end of the log file
Using 32 MPI threads
Using 1 OpenMP thread per tMPI thread

starting mdrun '24SOX + C12 box in water'
500000 steps,   1000.0 ps.
slurmstepd: error: *** JOB 23235876 ON c14-33 CANCELLED AT 2018-09-17T05:43:48 DUE TO TIME LIMIT ***

Currently Loaded Modulefiles:
  1) intel/2017.1    2) gsl/2.2         3) cuda/7.5        4) gromacs/5.1.4

Job script resource usage:
       JobID  MaxVMSize     MaxRSS 
------------ ---------- ---------- 
23235876.ba+   2904128K     96141K 

Job step resource usage:
       JobID    JobName  AllocCPUS  MaxVMSize     MaxRSS    Elapsed ExitCode 
------------ ---------- ---------- ---------- ---------- ---------- -------- 
23235876          SAM-1          1                         05:00:12      0:0 

Job 23235876 ("SAM-1") completed on c14-33 at Mon Sep 17 05:43:49 CEST 2018
